
PL/SQL procedure successfully completed.


Table created.


Sequence created.


1 row created.


1 row created.


PL/SQL procedure successfully completed.


Table created.


Sequence created.


PL/SQL procedure successfully completed.


Table created.


Sequence created.


PL/SQL procedure successfully completed.


Table created.


Sequence created.


PL/SQL procedure successfully completed.


Table created.


Sequence created.


PL/SQL procedure successfully completed.


Table created.


Sequence created.


PL/SQL procedure successfully completed.


Table created.


Sequence created.


PL/SQL procedure successfully completed.


Table created.


Sequence created.


PL/SQL procedure successfully completed.


PL/SQL procedure successfully completed.


Table created.


Sequence created.


Table created.


Sequence created.


1 row created.


1 row created.


View created.


Commit complete.

